<?xml version="1.0" encoding="UTF-8"?>
<testng-results skipped="0" failed="0" ignored="0" total="3" passed="3">
  <reporter-output>
  </reporter-output>
  <suite name="Default suite" duration-ms="73" started-at="2021-09-21T17:22:48 IST" finished-at="2021-09-21T17:22:48 IST">
    <groups>
    </groups>
    <test name="Default test" duration-ms="73" started-at="2021-09-21T17:22:48 IST" finished-at="2021-09-21T17:22:48 IST">
      <class name="com.Comcast.Contact.ContactTest">
        <test-method status="PASS" signature="creatContactTest()[pri:0, instance:com.Comcast.Contact.ContactTest@8e24743]" name="creatContactTest" duration-ms="10" started-at="2021-09-21T17:22:48 IST" finished-at="2021-09-21T17:22:48 IST">
          <reporter-output>
          </reporter-output>
        </test-method> <!-- creatContactTest -->
        <test-method status="PASS" signature="creatContactWithOrgTest()[pri:0, instance:com.Comcast.Contact.ContactTest@8e24743]" name="creatContactWithOrgTest" duration-ms="2" started-at="2021-09-21T17:22:48 IST" finished-at="2021-09-21T17:22:48 IST">
          <reporter-output>
          </reporter-output>
        </test-method> <!-- creatContactWithOrgTest -->
        <test-method status="PASS" signature="deleatContactTest()[pri:0, instance:com.Comcast.Contact.ContactTest@8e24743]" name="deleatContactTest" duration-ms="1" started-at="2021-09-21T17:22:48 IST" finished-at="2021-09-21T17:22:48 IST">
          <reporter-output>
          </reporter-output>
        </test-method> <!-- deleatContactTest -->
      </class> <!-- com.Comcast.Contact.ContactTest -->
    </test> <!-- Default test -->
  </suite> <!-- Default suite -->
</testng-results>
