<?xml version="1.0" encoding="UTF-8"?>
<!-- Generated by org.testng.reporters.JUnitXMLReporter -->
<testsuite hostname="DESKTOP-KBNBBMI" ignored="0" name="Default test" tests="3" failures="0" timestamp="2021-09-21T17:22:48 IST" time="0.073" errors="0">
  <testcase name="creatContactTest" time="0.01" classname="com.Comcast.Contact.ContactTest"/>
  <testcase name="creatContactWithOrgTest" time="0.002" classname="com.Comcast.Contact.ContactTest"/>
  <testcase name="deleatContactTest" time="0.001" classname="com.Comcast.Contact.ContactTest"/>
</testsuite> <!-- Default test -->
