<?xml version="1.0" encoding="UTF-8"?>
<!-- Generated by org.testng.reporters.JUnitXMLReporter -->
<testsuite hostname="DESKTOP-KBNBBMI" ignored="2" name="Test" tests="5" failures="1" timestamp="2021-09-17T12:16:18 IST" time="74.316" errors="0">
  <testcase name="LeadByClickingOnwebsiteTest" time="12.527" classname="com.crm.VtigerTestCases.TC_42_SearchLeadByClickingOnWebsite"/>
  <testcase name="LeadByClickingOnEditLeadByMassEditTest" time="0.197" classname="com.crm.VtigerTestCases.TC_45_EditLeadByMassEdit">
    <skipped/>
  </testcase> <!-- LeadByClickingOnEditLeadByMassEditTest -->
  <testcase name="LeadByClickingOnEditLeadByMassEditTest" time="0.19" classname="com.crm.VtigerTestCases.TC_45_EditLeadByMassEdit">
    <skipped/>
  </testcase> <!-- LeadByClickingOnEditLeadByMassEditTest -->
  <testcase name="LeadByClickingOnEditLeadByMassEditTest" time="0.093" classname="com.crm.VtigerTestCases.TC_45_EditLeadByMassEdit">
    <skipped/>
  </testcase> <!-- LeadByClickingOnEditLeadByMassEditTest -->
  <testcase name="LeadByClickingOnEditLeadByMassEditTest" time="0.097" classname="com.crm.VtigerTestCases.TC_45_EditLeadByMassEdit">
    <failure type="java.lang.NullPointerException">
      <![CDATA[java.lang.NullPointerException
at com.crm.autodesk.GenericUtils.ExcelFileUtility.getExcelData(ExcelFileUtility.java:32)
at com.crm.VtigerTestCases.TC_45_EditLeadByMassEdit.LeadByClickingOnEditLeadByMassEditTest(TC_45_EditLeadByMassEdit.java:18)
at java.util.ArrayList.forEach(Unknown Source)
... Removed 27 stack frames]]>
    </failure>
  </testcase> <!-- LeadByClickingOnEditLeadByMassEditTest -->
  <testcase name="@AfterSuite closeDB" time="0.0" classname="com.crm.autodesk.GenericUtils.BaseClass">
    <ignored/>
  </testcase> <!-- @AfterSuite closeDB -->
  <testcase name="@BeforeSuite connectDB" time="0.0" classname="com.crm.autodesk.GenericUtils.BaseClass">
    <ignored/>
  </testcase> <!-- @BeforeSuite connectDB -->
</testsuite> <!-- Test -->
